{"meta": {"format": 3, "version": "7.13.4", "timestamp": "2026-03-03T15:21:17.480301", "branch_coverage": false, "show_contexts": false}, "files": {"app\\__init__.py": {"executed_lines": [], "summary": {"covered_lines": 0, "num_statements": 0, "percent_covered": 100.0, "percent_covered_display": "100", "missing_lines": 0, "excluded_lines": 0, "percent_statements_covered": 100.0, "percent_statements_covered_display": "100"}, "missing_lines": [], "excluded_lines": [], "functions": {"": {"executed_lines": [], "summary": {"covered_lines": 0, "num_statements": 0, "percent_covered": 100.0, "percent_covered_display": "100", "missing_lines": 0, "excluded_lines": 0, "percent_statements_covered": 100.0, "percent_statements_covered_display": "100"}, "missing_lines": [], "excluded_lines": [], "start_line": 1}}, "classes": {"": {"executed_lines": [], "summary": {"covered_lines": 0, "num_statements": 0, "percent_covered": 100.0, "percent_covered_display": "100", "missing_lines": 0, "excluded_lines": 0, "percent_statements_covered": 100.0, "percent_statements_covered_display": "100"}, "missing_lines": [], "excluded_lines": [], "start_line": 1}}}, "app\\config.py": {"executed_lines": [3, 4, 5, 6, 9, 13, 14, 15, 16, 19, 20, 21, 24, 25, 26, 27, 28, 31, 34, 35, 37, 38, 39, 40, 43, 45, 52, 53], "summary": {"covered_lines": 28, "num_statements": 28, "percent_covered": 100.0, "percent_covered_display": "100", "missing_lines": 0, "excluded_lines": 0, "percent_statements_covered": 100.0, "percent_statements_covered_display": "100"}, "missing_lines": [], "excluded_lines": [], "functions": {"setup_logging": {"executed_lines": [45], "summary": {"covered_lines": 1, "num_statements": 1, "percent_covered": 100.0, "percent_covered_display": "100", "missing_lines": 0, "excluded_lines": 0, "percent_statements_covered": 100.0, "percent_statements_covered_display": "100"}, "missing_lines": [], "excluded_lines": [], "start_line": 43}, "": {"executed_lines": [3, 4, 5, 6, 9, 13, 14, 15, 16, 19, 20, 21, 24, 25, 26, 27, 28, 31, 34, 35, 37, 38, 39, 40, 43, 52, 53], "summary": {"covered_lines": 27, "num_statements": 27, "percent_covered": 100.0, "percent_covered_display": "100", "missing_lines": 0, "excluded_lines": 0, "percent_statements_covered": 100.0, "percent_statements_covered_display": "100"}, "missing_lines": [], "excluded_lines": [], "start_line": 1}}, "classes": {"Settings": {"executed_lines": [], "summary": {"covered_lines": 0, "num_statements": 0, "percent_covered": 100.0, "percent_covered_display": "100", "missing_lines": 0, "excluded_lines": 0, "percent_statements_covered": 100.0, "percent_statements_covered_display": "100"}, "missing_lines": [], "excluded_lines": [], "start_line": 9}, "Settings.Config": {"executed_lines": [], "summary": {"covered_lines": 0, "num_statements": 0, "percent_covered": 100.0, "percent_covered_display": "100", "missing_lines": 0, "excluded_lines": 0, "percent_statements_covered": 100.0, "percent_statements_covered_display": "100"}, "missing_lines": [], "excluded_lines": [], "start_line": 37}, "": {"executed_lines": [3, 4, 5, 6, 9, 13, 14, 15, 16, 19, 20, 21, 24, 25, 26, 27, 28, 31, 34, 35, 37, 38, 39, 40, 43, 45, 52, 53], "summary": {"covered_lines": 28, "num_statements": 28, "percent_covered": 100.0, "percent_covered_display": "100", "missing_lines": 0, "excluded_lines": 0, "percent_statements_covered": 100.0, "percent_statements_covered_display": "100"}, "missing_lines": [], "excluded_lines": [], "start_line": 1}}}, "app\\glm_inference.py": {"executed_lines": [3, 4, 5, 6, 7, 8, 10, 13, 16, 34, 82, 86, 157, 184], "summary": {"covered_lines": 14, "num_statements": 89, "percent_covered": 15.730337078651685, "percent_covered_display": "16", "missing_lines": 75, "excluded_lines": 0, "percent_statements_covered": 15.730337078651685, "percent_statements_covered_display": "16"}, "missing_lines": [24, 25, 26, 27, 28, 29, 32, 36, 37, 38, 40, 43, 49, 57, 58, 59, 60, 61, 62, 63, 64, 65, 66, 67, 69, 70, 71, 73, 74, 75, 77, 78, 79, 80, 84, 105, 106, 108, 110, 113, 120, 121, 124, 125, 126, 134, 140, 141, 142, 145, 146, 149, 151, 153, 154, 155, 167, 169, 170, 173, 176, 178, 180, 181, 182, 186, 187, 188, 189, 190, 191, 192, 193, 194, 195], "excluded_lines": [], "functions": {"GLMInferenceEngine.__init__": {"executed_lines": [], "summary": {"covered_lines": 0, "num_statements": 7, "percent_covered": 0.0, "percent_covered_display": "0", "missing_lines": 7, "excluded_lines": 0, "percent_statements_covered": 0.0, "percent_statements_covered_display": "0"}, "missing_lines": [24, 25, 26, 27, 28, 29, 32], "excluded_lines": [], "start_line": 16}, "GLMInferenceEngine._load_model": {"executed_lines": [], "summary": {"covered_lines": 0, "num_statements": 27, "percent_covered": 0.0, "percent_covered_display": "0", "missing_lines": 27, "excluded_lines": 0, "percent_statements_covered": 0.0, "percent_statements_covered_display": "0"}, "missing_lines": [36, 37, 38, 40, 43, 49, 57, 58, 59, 60, 61, 62, 63, 64, 65, 66, 67, 69, 70, 71, 73, 74, 75, 77, 78, 79, 80], "excluded_lines": [], "start_line": 34}, "GLMInferenceEngine.is_ready": {"executed_lines": [], "summary": {"covered_lines": 0, "num_statements": 1, "percent_covered": 0.0, "percent_covered_display": "0", "missing_lines": 1, "excluded_lines": 0, "percent_statements_covered": 0.0, "percent_statements_covered_display": "0"}, "missing_lines": [84], "excluded_lines": [], "start_line": 82}, "GLMInferenceEngine.extract_content": {"executed_lines": [], "summary": {"covered_lines": 0, "num_statements": 21, "percent_covered": 0.0, "percent_covered_display": "0", "missing_lines": 21, "excluded_lines": 0, "percent_statements_covered": 0.0, "percent_statements_covered_display": "0"}, "missing_lines": [105, 106, 108, 110, 113, 120, 121, 124, 125, 126, 134, 140, 141, 142, 145, 146, 149, 151, 153, 154, 155], "excluded_lines": [], "start_line": 86}, "GLMInferenceEngine._decode_base64_image": {"executed_lines": [], "summary": {"covered_lines": 0, "num_statements": 9, "percent_covered": 0.0, "percent_covered_display": "0", "missing_lines": 9, "excluded_lines": 0, "percent_statements_covered": 0.0, "percent_statements_covered_display": "0"}, "missing_lines": [167, 169, 170, 173, 176, 178, 180, 181, 182], "excluded_lines": [], "start_line": 157}, "GLMInferenceEngine.cleanup": {"executed_lines": [], "summary": {"covered_lines": 0, "num_statements": 10, "percent_covered": 0.0, "percent_covered_display": "0", "missing_lines": 10, "excluded_lines": 0, "percent_statements_covered": 0.0, "percent_statements_covered_display": "0"}, "missing_lines": [186, 187, 188, 189, 190, 191, 192, 193, 194, 195], "excluded_lines": [], "start_line": 184}, "": {"executed_lines": [3, 4, 5, 6, 7, 8, 10, 13, 16, 34, 82, 86, 157, 184], "summary": {"covered_lines": 14, "num_statements": 14, "percent_covered": 100.0, "percent_covered_display": "100", "missing_lines": 0, "excluded_lines": 0, "percent_statements_covered": 100.0, "percent_statements_covered_display": "100"}, "missing_lines": [], "excluded_lines": [], "start_line": 1}}, "classes": {"GLMInferenceEngine": {"executed_lines": [], "summary": {"covered_lines": 0, "num_statements": 75, "percent_covered": 0.0, "percent_covered_display": "0", "missing_lines": 75, "excluded_lines": 0, "percent_statements_covered": 0.0, "percent_statements_covered_display": "0"}, "missing_lines": [24, 25, 26, 27, 28, 29, 32, 36, 37, 38, 40, 43, 49, 57, 58, 59, 60, 61, 62, 63, 64, 65, 66, 67, 69, 70, 71, 73, 74, 75, 77, 78, 79, 80, 84, 105, 106, 108, 110, 113, 120, 121, 124, 125, 126, 134, 140, 141, 142, 145, 146, 149, 151, 153, 154, 155, 167, 169, 170, 173, 176, 178, 180, 181, 182, 186, 187, 188, 189, 190, 191, 192, 193, 194, 195], "excluded_lines": [], "start_line": 13}, "": {"executed_lines": [3, 4, 5, 6, 7, 8, 10, 13, 16, 34, 82, 86, 157, 184], "summary": {"covered_lines": 14, "num_statements": 14, "percent_covered": 100.0, "percent_covered_display": "100", "missing_lines": 0, "excluded_lines": 0, "percent_statements_covered": 100.0, "percent_statements_covered_display": "100"}, "missing_lines": [], "excluded_lines": [], "start_line": 1}}}, "app\\main.py": {"executed_lines": [3, 4, 5, 6, 7, 9, 10, 11, 13, 14, 24, 25, 27, 30, 31, 34, 35, 60, 68, 78, 79, 81, 82, 84, 85, 87, 89, 90, 92, 93, 95, 99, 100, 115, 116, 122, 124, 125, 126, 128, 132, 134, 145, 146, 156, 158, 159, 164, 166, 168, 174, 175, 176, 177, 179, 182, 189, 191, 193, 203, 204, 205, 206, 207, 208, 211, 212, 222, 224, 225, 303, 304, 306, 318], "summary": {"covered_lines": 74, "num_statements": 116, "percent_covered": 63.793103448275865, "percent_covered_display": "64", "missing_lines": 42, "excluded_lines": 0, "percent_statements_covered": 63.793103448275865, "percent_statements_covered_display": "64"}, "missing_lines": [40, 41, 42, 46, 47, 48, 51, 54, 55, 56, 102, 103, 105, 129, 130, 230, 233, 234, 239, 241, 242, 243, 246, 247, 248, 249, 252, 253, 255, 261, 268, 269, 271, 278, 280, 281, 282, 289, 291, 293, 319, 320], "excluded_lines": [], "functions": {"lifespan": {"executed_lines": [], "summary": {"covered_lines": 0, "num_statements": 10, "percent_covered": 0.0, "percent_covered_display": "0", "missing_lines": 10, "excluded_lines": 0, "percent_statements_covered": 0.0, "percent_statements_covered_display": "0"}, "missing_lines": [40, 41, 42, 46, 47, 48, 51, 54, 55, 56], "excluded_lines": [], "start_line": 35}, "add_request_id": {"executed_lines": [81, 82, 84, 85, 87, 89, 90, 92, 93, 95], "summary": {"covered_lines": 10, "num_statements": 10, "percent_covered": 100.0, "percent_covered_display": "100", "missing_lines": 0, "excluded_lines": 0, "percent_statements_covered": 100.0, "percent_statements_covered_display": "100"}, "missing_lines": [], "excluded_lines": [], "start_line": 79}, "global_exception_handler": {"executed_lines": [], "summary": {"covered_lines": 0, "num_statements": 3, "percent_covered": 0.0, "percent_covered_display": "0", "missing_lines": 3, "excluded_lines": 0, "percent_statements_covered": 0.0, "percent_statements_covered_display": "0"}, "missing_lines": [102, 103, 105], "excluded_lines": [], "start_line": 100}, "health_check": {"executed_lines": [122, 124, 125, 126, 128, 132, 134], "summary": {"covered_lines": 7, "num_statements": 9, "percent_covered": 77.77777777777777, "percent_covered_display": "78", "missing_lines": 2, "excluded_lines": 0, "percent_statements_covered": 77.77777777777777, "percent_statements_covered_display": "78"}, "missing_lines": [129, 130], "excluded_lines": [], "start_line": 116}, "extract_region": {"executed_lines": [156, 158, 159, 164, 166, 168, 174, 175, 176, 177, 179, 182, 189, 191, 193, 203, 204, 205, 206, 207, 208], "summary": {"covered_lines": 21, "num_statements": 21, "percent_covered": 100.0, "percent_covered_display": "100", "missing_lines": 0, "excluded_lines": 0, "percent_statements_covered": 100.0, "percent_statements_covered_display": "100"}, "missing_lines": [], "excluded_lines": [], "start_line": 146}, "extract_regions_batch": {"executed_lines": [222, 224, 225], "summary": {"covered_lines": 3, "num_statements": 28, "percent_covered": 10.714285714285714, "percent_covered_display": "11", "missing_lines": 25, "excluded_lines": 0, "percent_statements_covered": 10.714285714285714, "percent_statements_covered_display": "11"}, "missing_lines": [230, 233, 234, 239, 241, 242, 243, 246, 247, 248, 249, 252, 253, 255, 261, 268, 269, 271, 278, 280, 281, 282, 289, 291, 293], "excluded_lines": [], "start_line": 212}, "root": {"executed_lines": [306], "summary": {"covered_lines": 1, "num_statements": 1, "percent_covered": 100.0, "percent_covered_display": "100", "missing_lines": 0, "excluded_lines": 0, "percent_statements_covered": 100.0, "percent_statements_covered_display": "100"}, "missing_lines": [], "excluded_lines": [], "start_line": 304}, "": {"executed_lines": [3, 4, 5, 6, 7, 9, 10, 11, 13, 14, 24, 25, 27, 30, 31, 34, 35, 60, 68, 78, 79, 99, 100, 115, 116, 145, 146, 211, 212, 303, 304, 318], "summary": {"covered_lines": 32, "num_statements": 34, "percent_covered": 94.11764705882354, "percent_covered_display": "94", "missing_lines": 2, "excluded_lines": 0, "percent_statements_covered": 94.11764705882354, "percent_statements_covered_display": "94"}, "missing_lines": [319, 320], "excluded_lines": [], "start_line": 1}}, "classes": {"": {"executed_lines": [3, 4, 5, 6, 7, 9, 10, 11, 13, 14, 24, 25, 27, 30, 31, 34, 35, 60, 68, 78, 79, 81, 82, 84, 85, 87, 89, 90, 92, 93, 95, 99, 100, 115, 116, 122, 124, 125, 126, 128, 132, 134, 145, 146, 156, 158, 159, 164, 166, 168, 174, 175, 176, 177, 179, 182, 189, 191, 193, 203, 204, 205, 206, 207, 208, 211, 212, 222, 224, 225, 303, 304, 306, 318], "summary": {"covered_lines": 74, "num_statements": 116, "percent_covered": 63.793103448275865, "percent_covered_display": "64", "missing_lines": 42, "excluded_lines": 0, "percent_statements_covered": 63.793103448275865, "percent_statements_covered_display": "64"}, "missing_lines": [40, 41, 42, 46, 47, 48, 51, 54, 55, 56, 102, 103, 105, 129, 130, 230, 233, 234, 239, 241, 242, 243, 246, 247, 248, 249, 252, 253, 255, 261, 268, 269, 271, 278, 280, 281, 282, 289, 291, 293, 319, 320], "excluded_lines": [], "start_line": 1}}}, "app\\models.py": {"executed_lines": [3, 4, 7, 10, 11, 12, 13, 15, 16, 17, 18, 19, 20, 22, 23, 24, 25, 26, 29, 32, 33, 36, 39, 40, 41, 42, 45, 48, 49, 50, 51, 53, 54, 55, 56, 58, 61, 64, 65, 67, 68, 69, 70, 71, 72, 73, 76, 79, 80, 81, 82, 85, 88, 89, 90, 93, 96, 97, 98, 99, 100, 101, 102, 105, 108, 109, 110], "summary": {"covered_lines": 67, "num_statements": 68, "percent_covered": 98.52941176470588, "percent_covered_display": "99", "missing_lines": 1, "excluded_lines": 0, "percent_statements_covered": 98.52941176470588, "percent_statements_covered_display": "99"}, "missing_lines": [57], "excluded_lines": [], "functions": {"RegionExtractionRequest.validate_region_type": {"executed_lines": [17, 18, 19, 20], "summary": {"covered_lines": 4, "num_statements": 4, "percent_covered": 100.0, "percent_covered_display": "100", "missing_lines": 0, "excluded_lines": 0, "percent_statements_covered": 100.0, "percent_statements_covered_display": "100"}, "missing_lines": [], "excluded_lines": [], "start_line": 16}, "RegionExtractionRequest.validate_image": {"executed_lines": [24, 25, 26], "summary": {"covered_lines": 3, "num_statements": 3, "percent_covered": 100.0, "percent_covered_display": "100", "missing_lines": 0, "excluded_lines": 0, "percent_statements_covered": 100.0, "percent_statements_covered_display": "100"}, "missing_lines": [], "excluded_lines": [], "start_line": 23}, "BatchRegionRequest.validate_region_type": {"executed_lines": [55, 56, 58], "summary": {"covered_lines": 3, "num_statements": 4, "percent_covered": 75.0, "percent_covered_display": "75", "missing_lines": 1, "excluded_lines": 0, "percent_statements_covered": 75.0, "percent_statements_covered_display": "75"}, "missing_lines": [57], "excluded_lines": [], "start_line": 54}, "BatchRegionExtractionRequest.validate_regions": {"executed_lines": [69, 70, 71, 72, 73], "summary": {"covered_lines": 5, "num_statements": 5, "percent_covered": 100.0, "percent_covered_display": "100", "missing_lines": 0, "excluded_lines": 0, "percent_statements_covered": 100.0, "percent_statements_covered_display": "100"}, "missing_lines": [], "excluded_lines": [], "start_line": 68}, "": {"executed_lines": [3, 4, 7, 10, 11, 12, 13, 15, 16, 22, 23, 29, 32, 33, 36, 39, 40, 41, 42, 45, 48, 49, 50, 51, 53, 54, 61, 64, 65, 67, 68, 76, 79, 80, 81, 82, 85, 88, 89, 90, 93, 96, 97, 98, 99, 100, 101, 102, 105, 108, 109, 110], "summary": {"covered_lines": 52, "num_statements": 52, "percent_covered": 100.0, "percent_covered_display": "100", "missing_lines": 0, "excluded_lines": 0, "percent_statements_covered": 100.0, "percent_statements_covered_display": "100"}, "missing_lines": [], "excluded_lines": [], "start_line": 1}}, "classes": {"RegionExtractionRequest": {"executed_lines": [17, 18, 19, 20, 24, 25, 26], "summary": {"covered_lines": 7, "num_statements": 7, "percent_covered": 100.0, "percent_covered_display": "100", "missing_lines": 0, "excluded_lines": 0, "percent_statements_covered": 100.0, "percent_statements_covered_display": "100"}, "missing_lines": [], "excluded_lines": [], "start_line": 7}, "TokenUsage": {"executed_lines": [], "summary": {"covered_lines": 0, "num_statements": 0, "percent_covered": 100.0, "percent_covered_display": "100", "missing_lines": 0, "excluded_lines": 0, "percent_statements_covered": 100.0, "percent_statements_covered_display": "100"}, "missing_lines": [], "excluded_lines": [], "start_line": 29}, "RegionExtractionResponse": {"executed_lines": [], "summary": {"covered_lines": 0, "num_statements": 0, "percent_covered": 100.0, "percent_covered_display": "100", "missing_lines": 0, "excluded_lines": 0, "percent_statements_covered": 100.0, "percent_statements_covered_display": "100"}, "missing_lines": [], "excluded_lines": [], "start_line": 36}, "BatchRegionRequest": {"executed_lines": [55, 56, 58], "summary": {"covered_lines": 3, "num_statements": 4, "percent_covered": 75.0, "percent_covered_display": "75", "missing_lines": 1, "excluded_lines": 0, "percent_statements_covered": 75.0, "percent_statements_covered_display": "75"}, "missing_lines": [57], "excluded_lines": [], "start_line": 45}, "BatchRegionExtractionRequest": {"executed_lines": [69, 70, 71, 72, 73], "summary": {"covered_lines": 5, "num_statements": 5, "percent_covered": 100.0, "percent_covered_display": "100", "missing_lines": 0, "excluded_lines": 0, "percent_statements_covered": 100.0, "percent_statements_covered_display": "100"}, "missing_lines": [], "excluded_lines": [], "start_line": 61}, "BatchRegionResult": {"executed_lines": [], "summary": {"covered_lines": 0, "num_statements": 0, "percent_covered": 100.0, "percent_covered_display": "100", "missing_lines": 0, "excluded_lines": 0, "percent_statements_covered": 100.0, "percent_statements_covered_display": "100"}, "missing_lines": [], "excluded_lines": [], "start_line": 76}, "BatchRegionExtractionResponse": {"executed_lines": [], "summary": {"covered_lines": 0, "num_statements": 0, "percent_covered": 100.0, "percent_covered_display": "100", "missing_lines": 0, "excluded_lines": 0, "percent_statements_covered": 100.0, "percent_statements_covered_display": "100"}, "missing_lines": [], "excluded_lines": [], "start_line": 85}, "HealthResponse": {"executed_lines": [], "summary": {"covered_lines": 0, "num_statements": 0, "percent_covered": 100.0, "percent_covered_display": "100", "missing_lines": 0, "excluded_lines": 0, "percent_statements_covered": 100.0, "percent_statements_covered_display": "100"}, "missing_lines": [], "excluded_lines": [], "start_line": 93}, "ErrorResponse": {"executed_lines": [], "summary": {"covered_lines": 0, "num_statements": 0, "percent_covered": 100.0, "percent_covered_display": "100", "missing_lines": 0, "excluded_lines": 0, "percent_statements_covered": 100.0, "percent_statements_covered_display": "100"}, "missing_lines": [], "excluded_lines": [], "start_line": 105}, "": {"executed_lines": [3, 4, 7, 10, 11, 12, 13, 15, 16, 22, 23, 29, 32, 33, 36, 39, 40, 41, 42, 45, 48, 49, 50, 51, 53, 54, 61, 64, 65, 67, 68, 76, 79, 80, 81, 82, 85, 88, 89, 90, 93, 96, 97, 98, 99, 100, 101, 102, 105, 108, 109, 110], "summary": {"covered_lines": 52, "num_statements": 52, "percent_covered": 100.0, "percent_covered_display": "100", "missing_lines": 0, "excluded_lines": 0, "percent_statements_covered": 100.0, "percent_statements_covered_display": "100"}, "missing_lines": [], "excluded_lines": [], "start_line": 1}}}, "app\\prompts.py": {"executed_lines": [3, 7, 19, 30, 31, 33], "summary": {"covered_lines": 6, "num_statements": 6, "percent_covered": 100.0, "percent_covered_display": "100", "missing_lines": 0, "excluded_lines": 0, "percent_statements_covered": 100.0, "percent_statements_covered_display": "100"}, "missing_lines": [], "excluded_lines": [], "functions": {"get_prompt_for_region_type": {"executed_lines": [30, 31, 33], "summary": {"covered_lines": 3, "num_statements": 3, "percent_covered": 100.0, "percent_covered_display": "100", "missing_lines": 0, "excluded_lines": 0, "percent_statements_covered": 100.0, "percent_statements_covered_display": "100"}, "missing_lines": [], "excluded_lines": [], "start_line": 19}, "": {"executed_lines": [3, 7, 19], "summary": {"covered_lines": 3, "num_statements": 3, "percent_covered": 100.0, "percent_covered_display": "100", "missing_lines": 0, "excluded_lines": 0, "percent_statements_covered": 100.0, "percent_statements_covered_display": "100"}, "missing_lines": [], "excluded_lines": [], "start_line": 1}}, "classes": {"": {"executed_lines": [3, 7, 19, 30, 31, 33], "summary": {"covered_lines": 6, "num_statements": 6, "percent_covered": 100.0, "percent_covered_display": "100", "missing_lines": 0, "excluded_lines": 0, "percent_statements_covered": 100.0, "percent_statements_covered_display": "100"}, "missing_lines": [], "excluded_lines": [], "start_line": 1}}}}, "totals": {"covered_lines": 189, "num_statements": 307, "percent_covered": 61.56351791530945, "percent_covered_display": "62", "missing_lines": 118, "excluded_lines": 0, "percent_statements_covered": 61.56351791530945, "percent_statements_covered_display": "62"}}