{"meta": {"format": 3, "version": "7.13.4", "timestamp": "2026-03-03T14:51:40.235205", "branch_coverage": false, "show_contexts": false}, "files": {"services\\paddleocr-service\\app\\__init__.py": {"executed_lines": [3], "summary": {"covered_lines": 1, "num_statements": 1, "percent_covered": 100.0, "percent_covered_display": "100", "missing_lines": 0, "excluded_lines": 0, "percent_statements_covered": 100.0, "percent_statements_covered_display": "100"}, "missing_lines": [], "excluded_lines": [], "functions": {"": {"executed_lines": [3], "summary": {"covered_lines": 1, "num_statements": 1, "percent_covered": 100.0, "percent_covered_display": "100", "missing_lines": 0, "excluded_lines": 0, "percent_statements_covered": 100.0, "percent_statements_covered_display": "100"}, "missing_lines": [], "excluded_lines": [], "start_line": 1}}, "classes": {"": {"executed_lines": [3], "summary": {"covered_lines": 1, "num_statements": 1, "percent_covered": 100.0, "percent_covered_display": "100", "missing_lines": 0, "excluded_lines": 0, "percent_statements_covered": 100.0, "percent_statements_covered_display": "100"}, "missing_lines": [], "excluded_lines": [], "start_line": 1}}}, "services\\paddleocr-service\\app\\config.py": {"executed_lines": [3, 4, 5, 6, 7, 10, 13, 21, 22, 25, 26, 29, 30, 31, 32, 33, 36, 37, 39, 40, 41, 43, 44, 46, 47, 48, 49, 51, 52, 54, 56, 57, 58, 60, 61, 62, 64, 65, 66, 68, 69, 70, 72, 73, 74, 76, 77, 78, 80, 81, 82, 84, 85, 86, 88, 89, 90, 92, 93, 94, 95, 96, 98, 99, 102, 103, 106, 107, 108, 110, 116, 123, 125, 143, 145, 149, 152, 154, 156, 157, 160, 162, 164, 175, 176, 177, 178, 182], "summary": {"covered_lines": 88, "num_statements": 103, "percent_covered": 85.4368932038835, "percent_covered_display": "85", "missing_lines": 15, "excluded_lines": 0, "percent_statements_covered": 85.4368932038835, "percent_statements_covered_display": "85"}, "missing_lines": [104, 105, 117, 165, 166, 168, 169, 170, 171, 172, 179, 180, 183, 184, 185], "excluded_lines": [], "functions": {"Settings.validate_use_gpu": {"executed_lines": [43, 44, 46, 47, 48, 49], "summary": {"covered_lines": 6, "num_statements": 6, "percent_covered": 100.0, "percent_covered_display": "100", "missing_lines": 0, "excluded_lines": 0, "percent_statements_covered": 100.0, "percent_statements_covered_display": "100"}, "missing_lines": [], "excluded_lines": [], "start_line": 41}, "Settings.use_gpu_bool": {"executed_lines": [54], "summary": {"covered_lines": 1, "num_statements": 1, "percent_covered": 100.0, "percent_covered_display": "100", "missing_lines": 0, "excluded_lines": 0, "percent_statements_covered": 100.0, "percent_statements_covered_display": "100"}, "missing_lines": [], "excluded_lines": [], "start_line": 52}, "Settings.validate_min_confidence": {"executed_lines": [60, 61, 62], "summary": {"covered_lines": 3, "num_statements": 3, "percent_covered": 100.0, "percent_covered_display": "100", "missing_lines": 0, "excluded_lines": 0, "percent_statements_covered": 100.0, "percent_statements_covered_display": "100"}, "missing_lines": [], "excluded_lines": [], "start_line": 58}, "Settings.validate_max_image_size_mb": {"executed_lines": [68, 69, 70], "summary": {"covered_lines": 3, "num_statements": 3, "percent_covered": 100.0, "percent_covered_display": "100", "missing_lines": 0, "excluded_lines": 0, "percent_statements_covered": 100.0, "percent_statements_covered_display": "100"}, "missing_lines": [], "excluded_lines": [], "start_line": 66}, "Settings.validate_request_timeout_seconds": {"executed_lines": [76, 77, 78], "summary": {"covered_lines": 3, "num_statements": 3, "percent_covered": 100.0, "percent_covered_display": "100", "missing_lines": 0, "excluded_lines": 0, "percent_statements_covered": 100.0, "percent_statements_covered_display": "100"}, "missing_lines": [], "excluded_lines": [], "start_line": 74}, "Settings.validate_service_port": {"executed_lines": [84, 85, 86], "summary": {"covered_lines": 3, "num_statements": 3, "percent_covered": 100.0, "percent_covered_display": "100", "missing_lines": 0, "excluded_lines": 0, "percent_statements_covered": 100.0, "percent_statements_covered_display": "100"}, "missing_lines": [], "excluded_lines": [], "start_line": 82}, "Settings.validate_log_level": {"executed_lines": [92, 93, 94, 95, 96], "summary": {"covered_lines": 5, "num_statements": 5, "percent_covered": 100.0, "percent_covered_display": "100", "missing_lines": 0, "excluded_lines": 0, "percent_statements_covered": 100.0, "percent_statements_covered_display": "100"}, "missing_lines": [], "excluded_lines": [], "start_line": 90}, "Settings.logging_config": {"executed_lines": [102, 103, 106, 107, 108, 110, 116, 123, 125], "summary": {"covered_lines": 9, "num_statements": 12, "percent_covered": 75.0, "percent_covered_display": "75", "missing_lines": 3, "excluded_lines": 0, "percent_statements_covered": 75.0, "percent_statements_covered_display": "75"}, "missing_lines": [104, 105, 117], "excluded_lines": [], "start_line": 99}, "get_settings": {"executed_lines": [145], "summary": {"covered_lines": 1, "num_statements": 1, "percent_covered": 100.0, "percent_covered_display": "100", "missing_lines": 0, "excluded_lines": 0, "percent_statements_covered": 100.0, "percent_statements_covered_display": "100"}, "missing_lines": [], "excluded_lines": [], "start_line": 143}, "setup_logging": {"executed_lines": [154, 156, 157], "summary": {"covered_lines": 3, "num_statements": 3, "percent_covered": 100.0, "percent_covered_display": "100", "missing_lines": 0, "excluded_lines": 0, "percent_statements_covered": 100.0, "percent_statements_covered_display": "100"}, "missing_lines": [], "excluded_lines": [], "start_line": 152}, "validate_config": {"executed_lines": [162, 164, 175, 176, 177, 178, 182], "summary": {"covered_lines": 7, "num_statements": 19, "percent_covered": 36.8421052631579, "percent_covered_display": "37", "missing_lines": 12, "excluded_lines": 0, "percent_statements_covered": 36.8421052631579, "percent_statements_covered_display": "37"}, "missing_lines": [165, 166, 168, 169, 170, 171, 172, 179, 180, 183, 184, 185], "excluded_lines": [], "start_line": 160}, "": {"executed_lines": [3, 4, 5, 6, 7, 10, 13, 21, 22, 25, 26, 29, 30, 31, 32, 33, 36, 37, 39, 40, 41, 51, 52, 56, 57, 58, 64, 65, 66, 72, 73, 74, 80, 81, 82, 88, 89, 90, 98, 99, 143, 149, 152, 160], "summary": {"covered_lines": 44, "num_statements": 44, "percent_covered": 100.0, "percent_covered_display": "100", "missing_lines": 0, "excluded_lines": 0, "percent_statements_covered": 100.0, "percent_statements_covered_display": "100"}, "missing_lines": [], "excluded_lines": [], "start_line": 1}}, "classes": {"Settings": {"executed_lines": [43, 44, 46, 47, 48, 49, 54, 60, 61, 62, 68, 69, 70, 76, 77, 78, 84, 85, 86, 92, 93, 94, 95, 96, 102, 103, 106, 107, 108, 110, 116, 123, 125], "summary": {"covered_lines": 33, "num_statements": 36, "percent_covered": 91.66666666666667, "percent_covered_display": "92", "missing_lines": 3, "excluded_lines": 0, "percent_statements_covered": 91.66666666666667, "percent_statements_covered_display": "92"}, "missing_lines": [104, 105, 117], "excluded_lines": [], "start_line": 10}, "": {"executed_lines": [3, 4, 5, 6, 7, 10, 13, 21, 22, 25, 26, 29, 30, 31, 32, 33, 36, 37, 39, 40, 41, 51, 52, 56, 57, 58, 64, 65, 66, 72, 73, 74, 80, 81, 82, 88, 89, 90, 98, 99, 143, 145, 149, 152, 154, 156, 157, 160, 162, 164, 175, 176, 177, 178, 182], "summary": {"covered_lines": 55, "num_statements": 67, "percent_covered": 82.08955223880596, "percent_covered_display": "82", "missing_lines": 12, "excluded_lines": 0, "percent_statements_covered": 82.08955223880596, "percent_statements_covered_display": "82"}, "missing_lines": [165, 166, 168, 169, 170, 171, 172, 179, 180, 183, 184, 185], "excluded_lines": [], "start_line": 1}}}, "services\\paddleocr-service\\app\\layout_detector.py": {"executed_lines": [3, 4, 5, 6, 7, 9, 11, 14, 17, 25, 26, 27, 28, 29, 30, 33, 56, 58, 60, 63, 64, 67, 70, 76, 77, 80, 90, 91, 92, 97, 107, 108, 110, 112, 114, 116, 117, 119, 121, 122, 124, 125, 126, 130, 132, 133, 134, 136, 147, 150, 151, 154, 155, 159, 160, 162, 172, 173, 175, 198, 199, 202, 203, 206, 207, 210, 211, 217, 218, 221, 222, 225, 227, 228, 230, 231, 232, 235, 236, 237, 239, 240, 243, 246, 247, 248, 251, 252, 255, 258, 259, 265, 274, 275, 277, 280, 284, 286, 287, 288, 289, 291, 293, 295, 302, 312, 326, 327, 329, 331, 334, 335, 338, 340, 341, 346, 347, 349, 350, 351, 355, 358, 374, 375, 377, 380, 402, 403], "summary": {"covered_lines": 128, "num_statements": 144, "percent_covered": 88.88888888888889, "percent_covered_display": "89", "missing_lines": 16, "excluded_lines": 0, "percent_statements_covered": 88.88888888888889, "percent_statements_covered_display": "89"}, "missing_lines": [61, 82, 83, 85, 93, 94, 95, 111, 115, 128, 156, 212, 213, 214, 261, 262], "excluded_lines": [], "functions": {"LayoutDetector.__init__": {"executed_lines": [25, 26, 27, 28, 29, 30, 33, 56], "summary": {"covered_lines": 8, "num_statements": 8, "percent_covered": 100.0, "percent_covered_display": "100", "missing_lines": 0, "excluded_lines": 0, "percent_statements_covered": 100.0, "percent_statements_covered_display": "100"}, "missing_lines": [], "excluded_lines": [], "start_line": 17}, "LayoutDetector._initialize_engine": {"executed_lines": [60, 63, 64, 67, 70, 76, 77, 80, 90, 91, 92], "summary": {"covered_lines": 11, "num_statements": 18, "percent_covered": 61.111111111111114, "percent_covered_display": "61", "missing_lines": 7, "excluded_lines": 0, "percent_statements_covered": 61.111111111111114, "percent_statements_covered_display": "61"}, "missing_lines": [61, 82, 83, 85, 93, 94, 95], "excluded_lines": [], "start_line": 58}, "LayoutDetector._convert_image_to_numpy": {"executed_lines": [107, 108, 110, 112, 114, 116, 117, 119, 121, 122, 124, 125, 126, 130, 132, 133, 134], "summary": {"covered_lines": 17, "num_statements": 20, "percent_covered": 85.0, "percent_covered_display": "85", "missing_lines": 3, "excluded_lines": 0, "percent_statements_covered": 85.0, "percent_statements_covered_display": "85"}, "missing_lines": [111, 115, 128], "excluded_lines": [], "start_line": 97}, "LayoutDetector._standardize_region_type": {"executed_lines": [147, 150, 151, 154, 155, 159, 160], "summary": {"covered_lines": 7, "num_statements": 8, "percent_covered": 87.5, "percent_covered_display": "88", "missing_lines": 1, "excluded_lines": 0, "percent_statements_covered": 87.5, "percent_statements_covered_display": "88"}, "missing_lines": [156], "excluded_lines": [], "start_line": 136}, "LayoutDetector._extract_page_dimensions": {"executed_lines": [172, 173], "summary": {"covered_lines": 2, "num_statements": 2, "percent_covered": 100.0, "percent_covered_display": "100", "missing_lines": 0, "excluded_lines": 0, "percent_statements_covered": 100.0, "percent_statements_covered_display": "100"}, "missing_lines": [], "excluded_lines": [], "start_line": 162}, "LayoutDetector.detect_regions": {"executed_lines": [198, 199, 202, 203, 206, 207, 210, 211, 217, 218, 221, 222, 225, 227, 228, 230, 231, 232, 235, 236, 237, 239, 240, 243, 246, 247, 248, 251, 252, 255, 258, 259, 265, 274, 275, 277, 280, 284, 286, 287, 288, 289, 291, 293], "summary": {"covered_lines": 44, "num_statements": 49, "percent_covered": 89.79591836734694, "percent_covered_display": "90", "missing_lines": 5, "excluded_lines": 0, "percent_statements_covered": 89.79591836734694, "percent_statements_covered_display": "90"}, "missing_lines": [212, 213, 214, 261, 262], "excluded_lines": [], "start_line": 175}, "LayoutDetector.get_model_info": {"executed_lines": [302], "summary": {"covered_lines": 1, "num_statements": 1, "percent_covered": 100.0, "percent_covered_display": "100", "missing_lines": 0, "excluded_lines": 0, "percent_statements_covered": 100.0, "percent_statements_covered_display": "100"}, "missing_lines": [], "excluded_lines": [], "start_line": 295}, "LayoutDetector.validate_image_size": {"executed_lines": [326, 327, 329, 331, 334, 335, 338, 340, 341, 346, 347, 349, 350, 351], "summary": {"covered_lines": 14, "num_statements": 14, "percent_covered": 100.0, "percent_covered_display": "100", "missing_lines": 0, "excluded_lines": 0, "percent_statements_covered": 100.0, "percent_statements_covered_display": "100"}, "missing_lines": [], "excluded_lines": [], "start_line": 312}, "get_layout_detector": {"executed_lines": [374, 375, 377], "summary": {"covered_lines": 3, "num_statements": 3, "percent_covered": 100.0, "percent_covered_display": "100", "missing_lines": 0, "excluded_lines": 0, "percent_statements_covered": 100.0, "percent_statements_covered_display": "100"}, "missing_lines": [], "excluded_lines": [], "start_line": 358}, "detect_regions": {"executed_lines": [402, 403], "summary": {"covered_lines": 2, "num_statements": 2, "percent_covered": 100.0, "percent_covered_display": "100", "missing_lines": 0, "excluded_lines": 0, "percent_statements_covered": 100.0, "percent_statements_covered_display": "100"}, "missing_lines": [], "excluded_lines": [], "start_line": 380}, "": {"executed_lines": [3, 4, 5, 6, 7, 9, 11, 14, 17, 58, 97, 136, 162, 175, 295, 312, 355, 358, 380], "summary": {"covered_lines": 19, "num_statements": 19, "percent_covered": 100.0, "percent_covered_display": "100", "missing_lines": 0, "excluded_lines": 0, "percent_statements_covered": 100.0, "percent_statements_covered_display": "100"}, "missing_lines": [], "excluded_lines": [], "start_line": 1}}, "classes": {"LayoutDetector": {"executed_lines": [25, 26, 27, 28, 29, 30, 33, 56, 60, 63, 64, 67, 70, 76, 77, 80, 90, 91, 92, 107, 108, 110, 112, 114, 116, 117, 119, 121, 122, 124, 125, 126, 130, 132, 133, 134, 147, 150, 151, 154, 155, 159, 160, 172, 173, 198, 199, 202, 203, 206, 207, 210, 211, 217, 218, 221, 222, 225, 227, 228, 230, 231, 232, 235, 236, 237, 239, 240, 243, 246, 247, 248, 251, 252, 255, 258, 259, 265, 274, 275, 277, 280, 284, 286, 287, 288, 289, 291, 293, 302, 326, 327, 329, 331, 334, 335, 338, 340, 341, 346, 347, 349, 350, 351], "summary": {"covered_lines": 104, "num_statements": 120, "percent_covered": 86.66666666666667, "percent_covered_display": "87", "missing_lines": 16, "excluded_lines": 0, "percent_statements_covered": 86.66666666666667, "percent_statements_covered_display": "87"}, "missing_lines": [61, 82, 83, 85, 93, 94, 95, 111, 115, 128, 156, 212, 213, 214, 261, 262], "excluded_lines": [], "start_line": 14}, "": {"executed_lines": [3, 4, 5, 6, 7, 9, 11, 14, 17, 58, 97, 136, 162, 175, 295, 312, 355, 358, 374, 375, 377, 380, 402, 403], "summary": {"covered_lines": 24, "num_statements": 24, "percent_covered": 100.0, "percent_covered_display": "100", "missing_lines": 0, "excluded_lines": 0, "percent_statements_covered": 100.0, "percent_statements_covered_display": "100"}, "missing_lines": [], "excluded_lines": [], "start_line": 1}}}, "services\\paddleocr-service\\app\\main.py": {"executed_lines": [3, 4, 5, 6, 7, 8, 9, 11, 12, 13, 14, 15, 17, 18, 26, 29, 30, 33, 36, 37, 69, 77, 87, 88, 90, 91, 93, 94, 96, 97, 98, 100, 101, 103, 108, 119, 120, 122, 124, 134, 135, 153, 166, 168, 172, 175, 178, 181, 189, 190, 192, 204, 205, 211, 212, 213, 215, 217, 243, 244, 260, 261, 263, 265, 266, 267, 268, 276, 277, 278, 286, 289, 290, 292, 299, 300, 306, 307, 308, 337, 338, 348], "summary": {"covered_lines": 82, "num_statements": 130, "percent_covered": 63.07692307692308, "percent_covered_display": "63", "missing_lines": 48, "excluded_lines": 0, "percent_statements_covered": 63.07692307692308, "percent_statements_covered_display": "63"}, "missing_lines": [40, 41, 44, 45, 46, 47, 48, 49, 52, 53, 54, 55, 56, 59, 61, 64, 65, 109, 110, 111, 115, 137, 139, 141, 169, 179, 183, 184, 185, 227, 228, 229, 231, 269, 270, 279, 280, 314, 315, 318, 321, 323, 328, 339, 340, 341, 349, 351], "excluded_lines": [], "functions": {"lifespan": {"executed_lines": [], "summary": {"covered_lines": 0, "num_statements": 17, "percent_covered": 0.0, "percent_covered_display": "0", "missing_lines": 17, "excluded_lines": 0, "percent_statements_covered": 0.0, "percent_statements_covered_display": "0"}, "missing_lines": [40, 41, 44, 45, 46, 47, 48, 49, 52, 53, 54, 55, 56, 59, 61, 64, 65], "excluded_lines": [], "start_line": 37}, "add_request_id_and_logging": {"executed_lines": [90, 91, 93, 94, 96, 97, 98, 100, 101, 103, 108], "summary": {"covered_lines": 11, "num_statements": 15, "percent_covered": 73.33333333333333, "percent_covered_display": "73", "missing_lines": 4, "excluded_lines": 0, "percent_statements_covered": 73.33333333333333, "percent_statements_covered_display": "73"}, "missing_lines": [109, 110, 111, 115], "excluded_lines": [], "start_line": 88}, "http_exception_handler": {"executed_lines": [122, 124], "summary": {"covered_lines": 2, "num_statements": 2, "percent_covered": 100.0, "percent_covered_display": "100", "missing_lines": 0, "excluded_lines": 0, "percent_statements_covered": 100.0, "percent_statements_covered_display": "100"}, "missing_lines": [], "excluded_lines": [], "start_line": 120}, "general_exception_handler": {"executed_lines": [], "summary": {"covered_lines": 0, "num_statements": 3, "percent_covered": 0.0, "percent_covered_display": "0", "missing_lines": 3, "excluded_lines": 0, "percent_statements_covered": 0.0, "percent_statements_covered_display": "0"}, "missing_lines": [137, 139, 141], "excluded_lines": [], "start_line": 135}, "decode_base64_image": {"executed_lines": [166, 168, 172, 175, 178, 181], "summary": {"covered_lines": 6, "num_statements": 11, "percent_covered": 54.54545454545455, "percent_covered_display": "55", "missing_lines": 5, "excluded_lines": 0, "percent_statements_covered": 54.54545454545455, "percent_statements_covered_display": "55"}, "missing_lines": [169, 179, 183, 184, 185], "excluded_lines": [], "start_line": 153}, "root": {"executed_lines": [192], "summary": {"covered_lines": 1, "num_statements": 1, "percent_covered": 100.0, "percent_covered_display": "100", "missing_lines": 0, "excluded_lines": 0, "percent_statements_covered": 100.0, "percent_statements_covered_display": "100"}, "missing_lines": [], "excluded_lines": [], "start_line": 190}, "health_check": {"executed_lines": [211, 212, 213, 215, 217], "summary": {"covered_lines": 5, "num_statements": 9, "percent_covered": 55.55555555555556, "percent_covered_display": "56", "missing_lines": 4, "excluded_lines": 0, "percent_statements_covered": 55.55555555555556, "percent_statements_covered_display": "56"}, "missing_lines": [227, 228, 229, 231], "excluded_lines": [], "start_line": 205}, "detect_layout": {"executed_lines": [260, 261, 263, 265, 266, 267, 268, 276, 277, 278, 286, 289, 290, 292, 299, 300, 306, 307, 308, 337, 338], "summary": {"covered_lines": 21, "num_statements": 34, "percent_covered": 61.76470588235294, "percent_covered_display": "62", "missing_lines": 13, "excluded_lines": 0, "percent_statements_covered": 61.76470588235294, "percent_statements_covered_display": "62"}, "missing_lines": [269, 270, 279, 280, 314, 315, 318, 321, 323, 328, 339, 340, 341], "excluded_lines": [], "start_line": 244}, "": {"executed_lines": [3, 4, 5, 6, 7, 8, 9, 11, 12, 13, 14, 15, 17, 18, 26, 29, 30, 33, 36, 37, 69, 77, 87, 88, 119, 120, 134, 135, 153, 189, 190, 204, 205, 243, 244, 348], "summary": {"covered_lines": 36, "num_statements": 38, "percent_covered": 94.73684210526316, "percent_covered_display": "95", "missing_lines": 2, "excluded_lines": 0, "percent_statements_covered": 94.73684210526316, "percent_statements_covered_display": "95"}, "missing_lines": [349, 351], "excluded_lines": [], "start_line": 1}}, "classes": {"": {"executed_lines": [3, 4, 5, 6, 7, 8, 9, 11, 12, 13, 14, 15, 17, 18, 26, 29, 30, 33, 36, 37, 69, 77, 87, 88, 90, 91, 93, 94, 96, 97, 98, 100, 101, 103, 108, 119, 120, 122, 124, 134, 135, 153, 166, 168, 172, 175, 178, 181, 189, 190, 192, 204, 205, 211, 212, 213, 215, 217, 243, 244, 260, 261, 263, 265, 266, 267, 268, 276, 277, 278, 286, 289, 290, 292, 299, 300, 306, 307, 308, 337, 338, 348], "summary": {"covered_lines": 82, "num_statements": 130, "percent_covered": 63.07692307692308, "percent_covered_display": "63", "missing_lines": 48, "excluded_lines": 0, "percent_statements_covered": 63.07692307692308, "percent_statements_covered_display": "63"}, "missing_lines": [40, 41, 44, 45, 46, 47, 48, 49, 52, 53, 54, 55, 56, 59, 61, 64, 65, 109, 110, 111, 115, 137, 139, 141, 169, 179, 183, 184, 185, 227, 228, 229, 231, 269, 270, 279, 280, 314, 315, 318, 321, 323, 328, 339, 340, 341, 349, 351], "excluded_lines": [], "start_line": 1}}}, "services\\paddleocr-service\\app\\models.py": {"executed_lines": [3, 4, 7, 10, 11, 12, 13, 14, 15, 17, 18, 19, 21, 24, 27, 31, 33, 36, 38, 39, 51, 54, 55, 57, 58, 66, 69, 75, 79, 83, 88, 89, 99, 102, 103, 108, 109, 110, 112, 113, 116, 117, 121, 122, 123, 125, 127, 128, 140, 143, 144, 145, 146, 147, 148, 150, 151, 181, 184, 185, 186, 187, 188, 189, 190, 191, 193, 194, 211, 214, 215, 216, 217, 219, 220], "summary": {"covered_lines": 75, "num_statements": 79, "percent_covered": 94.9367088607595, "percent_covered_display": "95", "missing_lines": 4, "excluded_lines": 0, "percent_statements_covered": 94.9367088607595, "percent_statements_covered_display": "95"}, "missing_lines": [22, 28, 32, 34], "excluded_lines": [], "functions": {"Region.validate_bbox": {"executed_lines": [21, 24, 27, 31, 33, 36], "summary": {"covered_lines": 6, "num_statements": 10, "percent_covered": 60.0, "percent_covered_display": "60", "missing_lines": 4, "excluded_lines": 0, "percent_statements_covered": 60.0, "percent_statements_covered_display": "60"}, "missing_lines": [22, 28, 32, 34], "excluded_lines": [], "start_line": 19}, "DetectLayoutRequest.validate_image": {"executed_lines": [112, 113, 116, 117, 121, 122, 123, 125], "summary": {"covered_lines": 8, "num_statements": 8, "percent_covered": 100.0, "percent_covered_display": "100", "missing_lines": 0, "excluded_lines": 0, "percent_statements_covered": 100.0, "percent_statements_covered_display": "100"}, "missing_lines": [], "excluded_lines": [], "start_line": 110}, "": {"executed_lines": [3, 4, 7, 10, 11, 12, 13, 14, 15, 17, 18, 19, 38, 39, 51, 54, 55, 57, 58, 66, 69, 75, 79, 83, 88, 89, 99, 102, 103, 108, 109, 110, 127, 128, 140, 143, 144, 145, 146, 147, 148, 150, 151, 181, 184, 185, 186, 187, 188, 189, 190, 191, 193, 194, 211, 214, 215, 216, 217, 219, 220], "summary": {"covered_lines": 61, "num_statements": 61, "percent_covered": 100.0, "percent_covered_display": "100", "missing_lines": 0, "excluded_lines": 0, "percent_statements_covered": 100.0, "percent_statements_covered_display": "100"}, "missing_lines": [], "excluded_lines": [], "start_line": 1}}, "classes": {"Region": {"executed_lines": [21, 24, 27, 31, 33, 36], "summary": {"covered_lines": 6, "num_statements": 10, "percent_covered": 60.0, "percent_covered_display": "60", "missing_lines": 4, "excluded_lines": 0, "percent_statements_covered": 60.0, "percent_statements_covered_display": "60"}, "missing_lines": [22, 28, 32, 34], "excluded_lines": [], "start_line": 7}, "Region.Config": {"executed_lines": [], "summary": {"covered_lines": 0, "num_statements": 0, "percent_covered": 100.0, "percent_covered_display": "100", "missing_lines": 0, "excluded_lines": 0, "percent_statements_covered": 100.0, "percent_statements_covered_display": "100"}, "missing_lines": [], "excluded_lines": [], "start_line": 38}, "PageDimensions": {"executed_lines": [], "summary": {"covered_lines": 0, "num_statements": 0, "percent_covered": 100.0, "percent_covered_display": "100", "missing_lines": 0, "excluded_lines": 0, "percent_statements_covered": 100.0, "percent_statements_covered_display": "100"}, "missing_lines": [], "excluded_lines": [], "start_line": 51}, "PageDimensions.Config": {"executed_lines": [], "summary": {"covered_lines": 0, "num_statements": 0, "percent_covered": 100.0, "percent_covered_display": "100", "missing_lines": 0, "excluded_lines": 0, "percent_statements_covered": 100.0, "percent_statements_covered_display": "100"}, "missing_lines": [], "excluded_lines": [], "start_line": 57}, "LayoutDetectionOptions": {"executed_lines": [], "summary": {"covered_lines": 0, "num_statements": 0, "percent_covered": 100.0, "percent_covered_display": "100", "missing_lines": 0, "excluded_lines": 0, "percent_statements_covered": 100.0, "percent_statements_covered_display": "100"}, "missing_lines": [], "excluded_lines": [], "start_line": 66}, "LayoutDetectionOptions.Config": {"executed_lines": [], "summary": {"covered_lines": 0, "num_statements": 0, "percent_covered": 100.0, "percent_covered_display": "100", "missing_lines": 0, "excluded_lines": 0, "percent_statements_covered": 100.0, "percent_statements_covered_display": "100"}, "missing_lines": [], "excluded_lines": [], "start_line": 88}, "DetectLayoutRequest": {"executed_lines": [112, 113, 116, 117, 121, 122, 123, 125], "summary": {"covered_lines": 8, "num_statements": 8, "percent_covered": 100.0, "percent_covered_display": "100", "missing_lines": 0, "excluded_lines": 0, "percent_statements_covered": 100.0, "percent_statements_covered_display": "100"}, "missing_lines": [], "excluded_lines": [], "start_line": 99}, "DetectLayoutRequest.Config": {"executed_lines": [], "summary": {"covered_lines": 0, "num_statements": 0, "percent_covered": 100.0, "percent_covered_display": "100", "missing_lines": 0, "excluded_lines": 0, "percent_statements_covered": 100.0, "percent_statements_covered_display": "100"}, "missing_lines": [], "excluded_lines": [], "start_line": 127}, "DetectLayoutResponse": {"executed_lines": [], "summary": {"covered_lines": 0, "num_statements": 0, "percent_covered": 100.0, "percent_covered_display": "100", "missing_lines": 0, "excluded_lines": 0, "percent_statements_covered": 100.0, "percent_statements_covered_display": "100"}, "missing_lines": [], "excluded_lines": [], "start_line": 140}, "DetectLayoutResponse.Config": {"executed_lines": [], "summary": {"covered_lines": 0, "num_statements": 0, "percent_covered": 100.0, "percent_covered_display": "100", "missing_lines": 0, "excluded_lines": 0, "percent_statements_covered": 100.0, "percent_statements_covered_display": "100"}, "missing_lines": [], "excluded_lines": [], "start_line": 150}, "HealthResponse": {"executed_lines": [], "summary": {"covered_lines": 0, "num_statements": 0, "percent_covered": 100.0, "percent_covered_display": "100", "missing_lines": 0, "excluded_lines": 0, "percent_statements_covered": 100.0, "percent_statements_covered_display": "100"}, "missing_lines": [], "excluded_lines": [], "start_line": 181}, "HealthResponse.Config": {"executed_lines": [], "summary": {"covered_lines": 0, "num_statements": 0, "percent_covered": 100.0, "percent_covered_display": "100", "missing_lines": 0, "excluded_lines": 0, "percent_statements_covered": 100.0, "percent_statements_covered_display": "100"}, "missing_lines": [], "excluded_lines": [], "start_line": 193}, "ErrorResponse": {"executed_lines": [], "summary": {"covered_lines": 0, "num_statements": 0, "percent_covered": 100.0, "percent_covered_display": "100", "missing_lines": 0, "excluded_lines": 0, "percent_statements_covered": 100.0, "percent_statements_covered_display": "100"}, "missing_lines": [], "excluded_lines": [], "start_line": 211}, "ErrorResponse.Config": {"executed_lines": [], "summary": {"covered_lines": 0, "num_statements": 0, "percent_covered": 100.0, "percent_covered_display": "100", "missing_lines": 0, "excluded_lines": 0, "percent_statements_covered": 100.0, "percent_statements_covered_display": "100"}, "missing_lines": [], "excluded_lines": [], "start_line": 219}, "": {"executed_lines": [3, 4, 7, 10, 11, 12, 13, 14, 15, 17, 18, 19, 38, 39, 51, 54, 55, 57, 58, 66, 69, 75, 79, 83, 88, 89, 99, 102, 103, 108, 109, 110, 127, 128, 140, 143, 144, 145, 146, 147, 148, 150, 151, 181, 184, 185, 186, 187, 188, 189, 190, 191, 193, 194, 211, 214, 215, 216, 217, 219, 220], "summary": {"covered_lines": 61, "num_statements": 61, "percent_covered": 100.0, "percent_covered_display": "100", "missing_lines": 0, "excluded_lines": 0, "percent_statements_covered": 100.0, "percent_statements_covered_display": "100"}, "missing_lines": [], "excluded_lines": [], "start_line": 1}}}}, "totals": {"covered_lines": 374, "num_statements": 457, "percent_covered": 81.83807439824945, "percent_covered_display": "82", "missing_lines": 83, "excluded_lines": 0, "percent_statements_covered": 81.83807439824945, "percent_statements_covered_display": "82"}}